<?xml version="1.0" encoding="UTF-8"?>
<testsuite xmlns:xsi="http://www.w3.org/2001/XMLSchema-instance" xsi:noNamespaceSchemaLocation="https://maven.apache.org/surefire/maven-surefire-plugin/xsd/surefire-test-report.xsd" version="3.0.2" name="com.example.mobilebroker.MobilebrokerApplicationTests" time="8.064" tests="1" errors="0" skipped="0" failures="0">
  <properties>
[...]
</properties>
  <testcase name="contextLoads" classname="com.example.mobilebroker.MobilebrokerApplicationTests" time="0.598">
    <system-out><![CDATA[10:29:46.587 [main] INFO org.springframework.test.context.support.AnnotationConfigContextLoaderUtils -- Could not detect default configuration classes for test class [com.example.mobilebroker.MobilebrokerApplicationTests]: MobilebrokerApplicationTests does not declare any static, non-private, non-final, nested classes annotated with @Configuration.
10:29:46.729 [main] INFO org.springframework.boot.test.context.SpringBootTestContextBootstrapper -- Found @SpringBootConfiguration com.example.mobilebroker.MobileBrokerApplication for test class com.example.mobilebroker.MobilebrokerApplicationTests

  .   ____          _            __ _ _
 /\\ / ___'_ __ _ _(_)_ __  __ _ \ \ \ \
( ( )\___ | '_ | '_| | '_ \/ _` | \ \ \ \
 \\/  ___)| |_)| | | | | || (_| |  ) ) ) )
  '  |____| .__|_| |_|_| |_\__, | / / / /
 =========|_|==============|___/=/_/_/_/

 :: Spring Boot ::                (v4.0.3)

2026-03-09T10:29:47.358+06:30  INFO 5544 --- [mobilebroker] [           main] c.e.m.MobilebrokerApplicationTests       : Starting MobilebrokerApplicationTests using Java 17.0.18 with PID 5544 (started by USER in C:\Project\Java\workplace\springboot\MobileBroker)
2026-03-09T10:29:47.358+06:30  INFO 5544 --- [mobilebroker] [           main] c.e.m.MobilebrokerApplicationTests       : No active profile set, falling back to 1 default profile: "default"
2026-03-09T10:29:48.479+06:30  INFO 5544 --- [mobilebroker] [           main] .s.d.r.c.RepositoryConfigurationDelegate : Bootstrapping Spring Data JPA repositories in DEFAULT mode.
2026-03-09T10:29:48.573+06:30  INFO 5544 --- [mobilebroker] [           main] .s.d.r.c.RepositoryConfigurationDelegate : Finished Spring Data repository scanning in 75 ms. Found 2 JPA repository interfaces.
2026-03-09T10:29:49.304+06:30  INFO 5544 --- [mobilebroker] [           main] org.hibernate.orm.jpa                    : HHH008540: Processing PersistenceUnitInfo [name: default]
2026-03-09T10:29:49.415+06:30  INFO 5544 --- [mobilebroker] [           main] org.hibernate.orm.core                   : HHH000001: Hibernate ORM core version 7.2.4.Final
2026-03-09T10:29:50.374+06:30  INFO 5544 --- [mobilebroker] [           main] o.s.o.j.p.SpringPersistenceUnitInfo      : No LoadTimeWeaver setup: ignoring JPA class transformer
2026-03-09T10:29:50.421+06:30  INFO 5544 --- [mobilebroker] [           main] com.zaxxer.hikari.HikariDataSource       : HikariPool-1 - Starting...
2026-03-09T10:29:50.778+06:30  INFO 5544 --- [mobilebroker] [           main] com.zaxxer.hikari.pool.HikariPool        : HikariPool-1 - Added connection org.postgresql.jdbc.PgConnection@4e26987b
2026-03-09T10:29:50.778+06:30  INFO 5544 --- [mobilebroker] [           main] com.zaxxer.hikari.HikariDataSource       : HikariPool-1 - Start completed.
2026-03-09T10:29:50.920+06:30  INFO 5544 --- [mobilebroker] [           main] org.hibernate.orm.connections.pooling    : HHH10001005: Database info:
	Database JDBC URL [jdbc:postgresql://localhost:5432/mobile_broker_db]
	Database driver: PostgreSQL JDBC Driver
	Database dialect: PostgreSQLDialect
	Database version: 18.1
	Default catalog/schema: mobile_broker_db/public
	Autocommit mode: undefined/unknown
	Isolation level: READ_COMMITTED [default READ_COMMITTED]
	JDBC fetch size: none
	Pool: DataSourceConnectionProvider
	Minimum pool size: undefined/unknown
	Maximum pool size: undefined/unknown
2026-03-09T10:29:52.394+06:30  INFO 5544 --- [mobilebroker] [           main] org.hibernate.orm.core                   : HHH000489: No JTA platform available (set 'hibernate.transaction.jta.platform' to enable JTA platform integration)
2026-03-09T10:29:52.394+06:30  INFO 5544 --- [mobilebroker] [           main] j.LocalContainerEntityManagerFactoryBean : Initialized JPA EntityManagerFactory for persistence unit 'default'
JSON Prefix cache loaded successfully
2026-03-09T10:29:52.635+06:30  INFO 5544 --- [mobilebroker] [           main] o.s.d.j.r.query.QueryEnhancerFactories   : Hibernate is in classpath; If applicable, HQL parser will be used.
2026-03-09T10:29:53.025+06:30  WARN 5544 --- [mobilebroker] [           main] JpaBaseConfiguration$JpaWebConfiguration : spring.jpa.open-in-view is enabled by default. Therefore, database queries may be performed during view rendering. Explicitly configure spring.jpa.open-in-view to disable this warning
2026-03-09T10:29:53.655+06:30  INFO 5544 --- [mobilebroker] [           main] c.e.m.MobilebrokerApplicationTests       : Started MobilebrokerApplicationTests in 6.689 seconds (process running for 8.787)
]]></system-out>
  </testcase>
</testsuite>